[0m01:10:33.903275 [debug] [MainThread]: Sending event: {'category': 'dbt', 'action': 'invocation', 'label': 'start', 'context': [<snowplow_tracker.self_describing_json.SelfDescribingJson object at 0x74d010acc4d0>, <snowplow_tracker.self_describing_json.SelfDescribingJson object at 0x74d010c95ac0>, <snowplow_tracker.self_describing_json.SelfDescribingJson object at 0x74d012653f20>]}


============================== 01:10:33.909403 | 4d3c55aa-f98e-48b9-a769-12bc0e0bb2fd ==============================
[0m01:10:33.909403 [info ] [MainThread]: Running with dbt=1.9.0
[0m01:10:33.910457 [debug] [MainThread]: running dbt with arguments {'printer_width': '80', 'indirect_selection': 'eager', 'write_json': 'True', 'log_cache_events': 'False', 'partial_parse': 'True', 'cache_selected_only': 'False', 'warn_error': 'None', 'debug': 'False', 'fail_fast': 'False', 'log_path': 'logs', 'version_check': 'True', 'profiles_dir': '/root/.dbt', 'use_colors': 'True', 'use_experimental_parser': 'False', 'no_print': 'None', 'quiet': 'False', 'empty': 'None', 'log_format': 'default', 'invocation_command': 'dbt init my_project', 'static_parser': 'True', 'introspect': 'True', 'target_path': 'None', 'warn_error_options': 'WarnErrorOptions(include=[], exclude=[])', 'send_anonymous_usage_stats': 'True'}
[0m01:10:33.936994 [warn ] [MainThread]: [ConfigFolderDirectory]: Unable to parse logging event dictionary. Failed to parse dir field: expected string or bytes-like object, got 'PosixPath'.. Dictionary: {'dir': PosixPath('/root/.dbt')}
[0m01:10:33.937869 [info ] [MainThread]: Creating dbt configuration folder at 
[0m01:10:33.940599 [debug] [MainThread]: Starter project path: /usr/local/lib/python3.12/site-packages/dbt/include/starter_project
[0m01:10:34.053980 [info ] [MainThread]: 
Your new dbt project "my_project" was created!

For more information on how to configure the profiles.yml file,
please consult the dbt documentation here:

  https://docs.getdbt.com/docs/configure-your-profile

One more thing:

Need help? Don't hesitate to reach out to us via GitHub issues or on Slack:

  https://community.getdbt.com/

Happy modeling!

[0m01:10:34.054770 [info ] [MainThread]: Setting up your profile.
[0m01:15:46.302570 [info ] [MainThread]: Profile my_project written to /root/.dbt/profiles.yml using target's profile_template.yml and your supplied values. Run 'dbt debug' to validate the connection.
[0m01:15:46.304755 [debug] [MainThread]: Resource report: {"command_name": "init", "command_success": true, "command_wall_clock_time": 312.46088, "process_in_blocks": "168", "process_kernel_time": 0.336648, "process_mem_max_rss": "92652", "process_out_blocks": "1472", "process_user_time": 0.999989}
[0m01:15:46.305750 [debug] [MainThread]: Command `dbt init` succeeded at 01:15:46.305628 after 312.46 seconds
[0m01:15:46.306608 [debug] [MainThread]: Sending event: {'category': 'dbt', 'action': 'invocation', 'label': 'end', 'context': [<snowplow_tracker.self_describing_json.SelfDescribingJson object at 0x74d010e97230>, <snowplow_tracker.self_describing_json.SelfDescribingJson object at 0x74d010830dd0>, <snowplow_tracker.self_describing_json.SelfDescribingJson object at 0x74d01097f830>]}
[0m01:15:46.307464 [debug] [MainThread]: Flushing usage events
[0m01:15:46.667704 [debug] [MainThread]: An error was encountered while trying to flush usage events
